<?xml version="1.0" encoding="UTF-8"?>
<!-- Generated by org.testng.reporters.JUnitReportReporter -->
<testsuite hostname="PCT54" failures="0" tests="2" name="RahulShettyAcademy.SeleniumFramework.StandalonePOMParameterization" time="13.262" errors="0" timestamp="2026-03-17T16:36:19 IST" skipped="0">
  <testcase classname="RahulShettyAcademy.SeleniumFramework.StandalonePOMParameterization" name="createOrder" time="6.593"/>
  <testcase classname="RahulShettyAcademy.SeleniumFramework.StandalonePOMParameterization" name="createOrder" time="6.669"/>
</testsuite> <!-- RahulShettyAcademy.SeleniumFramework.StandalonePOMParameterization -->
