<?xml version="1.0" encoding="UTF-8"?>
<!-- Generated by org.testng.reporters.JUnitXMLReporter -->
<testsuite ignored="0" hostname="PCT54" failures="0" tests="2" name="Test" time="11.269" errors="0" timestamp="2026-03-16T10:30:40 IST">
  <testcase classname="RahulShettyAcademy.SeleniumFramework.StandalonePOMParameterization" name="createOrder" time="5.571"/>
  <testcase classname="RahulShettyAcademy.SeleniumFramework.StandalonePOMParameterization" name="createOrder" time="4.994"/>
</testsuite> <!-- Test -->
