<?xml version="1.0" encoding="UTF-8"?>
<!-- Generated by org.testng.reporters.JUnitReportReporter -->
<testsuite hostname="PCT54" failures="0" tests="5" name="RahulShettyAcademy.SeleniumFramework.StandalonePOMTestNG" time="34.933" errors="0" timestamp="2026-03-12T10:20:24 IST" skipped="0">
  <testcase classname="RahulShettyAcademy.SeleniumFramework.StandalonePOMTestNG" name="cardPage" time="9.751"/>
  <testcase classname="RahulShettyAcademy.SeleniumFramework.StandalonePOMTestNG" name="SuccessMsgPage" time="10.380"/>
  <testcase classname="RahulShettyAcademy.SeleniumFramework.StandalonePOMTestNG" name="cartPage" time="0.802"/>
  <testcase classname="RahulShettyAcademy.SeleniumFramework.StandalonePOMTestNG" name="placeOrderPage" time="1.297"/>
  <testcase classname="RahulShettyAcademy.SeleniumFramework.StandalonePOMTestNG" name="login" time="12.703"/>
</testsuite> <!-- RahulShettyAcademy.SeleniumFramework.StandalonePOMTestNG -->
