<?xml version="1.0" encoding="UTF-8"?>
<!-- Generated by org.testng.reporters.JUnitReportReporter -->
<testsuite hostname="PCT54" failures="0" tests="2" name="RahulShettyAcademy.SeleniumFramework.StandalonePOMParameterization" time="10.987" errors="0" timestamp="2026-03-16T10:30:40 IST" skipped="0">
  <testcase classname="RahulShettyAcademy.SeleniumFramework.StandalonePOMParameterization" name="createOrder" time="5.224"/>
  <testcase classname="RahulShettyAcademy.SeleniumFramework.StandalonePOMParameterization" name="createOrder" time="5.763"/>
</testsuite> <!-- RahulShettyAcademy.SeleniumFramework.StandalonePOMParameterization -->
