<?xml version="1.0" encoding="UTF-8"?>
<!-- Generated by org.testng.reporters.JUnitXMLReporter -->
<testsuite ignored="0" hostname="PCT54" failures="0" tests="2" name="Test" time="13.603" errors="0" timestamp="2026-03-17T16:36:19 IST">
  <testcase classname="RahulShettyAcademy.SeleniumFramework.StandalonePOMParameterization" name="createOrder" time="6.363"/>
  <testcase classname="RahulShettyAcademy.SeleniumFramework.StandalonePOMParameterization" name="createOrder" time="6.334"/>
</testsuite> <!-- Test -->
